#-----------------------------------------------------------
# Vivado v2017.2 (64-bit)
# SW Build 1909853 on Thu Jun 15 18:39:09 MDT 2017
# IP Build 1909766 on Thu Jun 15 19:58:00 MDT 2017
# Start of session at: Thu Sep 19 09:02:47 2019
# Process ID: 79568
# Current directory: C:/Users/feifa/Documents/2019小学期/single-cycle-CPU-handin/project_1 Simulate
# Command line: vivado.exe -gui_launcher_event rodinguilauncherevent60080 C:\Users\feifa\Documents\2019小学期\single-cycle-CPU-handin\project_1 Simulate\project_1.xpr
# Log file: C:/Users/feifa/Documents/2019小学期/single-cycle-CPU-handin/project_1 Simulate/vivado.log
# Journal file: C:/Users/feifa/Documents/2019小学期/single-cycle-CPU-handin/project_1 Simulate\vivado.jou
#-----------------------------------------------------------
start_gui
open_project {C:/Users/feifa/Documents/2019小学期/single-cycle-CPU-handin/project_1 Simulate/project_1.xpr}
INFO: [Project 1-313] Project file moved from 'C:/Users/feifa/Documents/2019小学期/single-cycle-CPU/project_1 Simulate' since last save.
Scanning sources...
Finished scanning sources
INFO: [IP_Flow 19-234] Refreshing IP repositories
INFO: [IP_Flow 19-1704] No user IP repositories specified
INFO: [IP_Flow 19-2313] Loaded Vivado IP repository 'D:/vivado/Vivado/2017.2/data/ip'.
update_compile_order -fileset sources_1
exit
INFO: [Common 17-206] Exiting Vivado at Fri Sep 20 09:53:10 2019...
